#! /c/Source/iverilog-install/bin/vvp
:ivl_version "12.0 (devel)" "(s20150603-1110-g18392a46)";
:ivl_delay_selection "TYPICAL";
:vpi_time_precision + 0;
:vpi_module "C:\iverilog\lib\ivl\system.vpi";
:vpi_module "C:\iverilog\lib\ivl\vhdl_sys.vpi";
:vpi_module "C:\iverilog\lib\ivl\vhdl_textio.vpi";
:vpi_module "C:\iverilog\lib\ivl\v2005_math.vpi";
:vpi_module "C:\iverilog\lib\ivl\va_math.vpi";
S_000001a8d068ad30 .scope module, "mux_tb" "mux_tb" 2 3;
 .timescale 0 0;
v000001a8d0552dc0_0 .var "d0", 0 0;
v000001a8d0552e60_0 .var "d1", 0 0;
v000001a8d05c9840_0 .net "out", 0 0, L_000001a8d0584630;  1 drivers
v000001a8d05ca1f0_0 .var "s", 0 0;
E_000001a8d068bee0 .event anyedge, v000001a8d0586eb0_0, v000001a8d0689cd0_0, v000001a8d0553100_0;
S_000001a8d0552a50 .scope module, "wew" "mux21" 2 8, 3 1 0, S_000001a8d068ad30;
 .timescale 0 0;
    .port_info 0 /INPUT 1 "D0";
    .port_info 1 /INPUT 1 "D1";
    .port_info 2 /INPUT 1 "S";
    .port_info 3 /OUTPUT 1 "Y";
L_000001a8d068af60 .functor AND 1, v000001a8d0552e60_0, v000001a8d05ca1f0_0, C4<1>, C4<1>;
L_000001a8d0553340 .functor AND 1, v000001a8d0552dc0_0, L_000001a8d0584b00, C4<1>, C4<1>;
L_000001a8d0584b00 .functor NOT 1, v000001a8d05ca1f0_0, C4<0>, C4<0>, C4<0>;
L_000001a8d0584630 .functor OR 1, L_000001a8d068af60, L_000001a8d0553340, C4<0>, C4<0>;
v000001a8d0553100_0 .net "D0", 0 0, v000001a8d0552dc0_0;  1 drivers
v000001a8d0689cd0_0 .net "D1", 0 0, v000001a8d0552e60_0;  1 drivers
v000001a8d0586eb0_0 .net "S", 0 0, v000001a8d05ca1f0_0;  1 drivers
v000001a8d068aec0_0 .net "T1", 0 0, L_000001a8d068af60;  1 drivers
v000001a8d0552be0_0 .net "T2", 0 0, L_000001a8d0553340;  1 drivers
v000001a8d0552c80_0 .net "Y", 0 0, L_000001a8d0584630;  alias, 1 drivers
v000001a8d0552d20_0 .net "k", 0 0, L_000001a8d0584b00;  1 drivers
    .scope S_000001a8d068ad30;
T_0 ;
    %vpi_call 2 11 "$dumpfile", "dump.vcd" {0 0 0};
    %vpi_call 2 12 "$dumpvars" {0 0 0};
    %pushi/vec4 0, 0, 1;
    %store/vec4 v000001a8d0552dc0_0, 0, 1;
    %pushi/vec4 0, 0, 1;
    %store/vec4 v000001a8d0552e60_0, 0, 1;
    %pushi/vec4 0, 0, 1;
    %store/vec4 v000001a8d05ca1f0_0, 0, 1;
    %delay 100, 0;
    %vpi_call 2 17 "$finish" {0 0 0};
    %end;
    .thread T_0;
    .scope S_000001a8d068ad30;
T_1 ;
    %delay 40, 0;
    %load/vec4 v000001a8d0552dc0_0;
    %inv;
    %store/vec4 v000001a8d0552dc0_0, 0, 1;
    %jmp T_1;
    .thread T_1;
    .scope S_000001a8d068ad30;
T_2 ;
    %delay 20, 0;
    %load/vec4 v000001a8d0552e60_0;
    %inv;
    %store/vec4 v000001a8d0552e60_0, 0, 1;
    %jmp T_2;
    .thread T_2;
    .scope S_000001a8d068ad30;
T_3 ;
    %delay 10, 0;
    %load/vec4 v000001a8d05ca1f0_0;
    %inv;
    %store/vec4 v000001a8d05ca1f0_0, 0, 1;
    %jmp T_3;
    .thread T_3;
    .scope S_000001a8d068ad30;
T_4 ;
    %wait E_000001a8d068bee0;
    %vpi_call 2 25 "$monitor", "At time = %t, Y = %d", $time, v000001a8d05c9840_0 {0 0 0};
    %jmp T_4;
    .thread T_4, $push;
# The file index is used to find the file name in the following table.
:file_names 4;
    "N/A";
    "<interactive>";
    "2_1_multi_tb.v";
    "./2_1_multi.v";
