#! /c/Source/iverilog-install/bin/vvp
:ivl_version "12.0 (devel)" "(s20150603-1110-g18392a46)";
:ivl_delay_selection "TYPICAL";
:vpi_time_precision + 0;
:vpi_module "C:\iverilog\lib\ivl\system.vpi";
:vpi_module "C:\iverilog\lib\ivl\vhdl_sys.vpi";
:vpi_module "C:\iverilog\lib\ivl\vhdl_textio.vpi";
:vpi_module "C:\iverilog\lib\ivl\v2005_math.vpi";
:vpi_module "C:\iverilog\lib\ivl\va_math.vpi";
S_0000022b8db58a20 .scope module, "OR_NOT_AND_XOR" "OR_NOT_AND_XOR" 2 3;
 .timescale 0 0;
v0000022b8da06b70_0 .var "a", 0 0;
v0000022b8da06c10_0 .var "b", 0 0;
v0000022b8da06cb0_0 .net "c", 0 0, L_0000022b8d9d2ef0;  1 drivers
v0000022b8da04c20_0 .net "d", 0 0, L_0000022b8da05070;  1 drivers
v0000022b8da04cc0_0 .net "e", 0 0, L_0000022b8da04e00;  1 drivers
v0000022b8da04d60_0 .net "f", 0 0, L_0000022b8da04f00;  1 drivers
S_0000022b8da068a0 .scope module, "Instance0" "xor_gate" 2 6, 3 1 0, S_0000022b8db58a20;
 .timescale 0 0;
    .port_info 0 /OUTPUT 1 "c";
    .port_info 1 /OUTPUT 1 "d";
    .port_info 2 /OUTPUT 1 "e";
    .port_info 3 /OUTPUT 1 "f";
    .port_info 4 /INPUT 1 "a";
    .port_info 5 /INPUT 1 "b";
L_0000022b8d9d2ef0 .functor OR 1, v0000022b8da06b70_0, v0000022b8da06c10_0, C4<0>, C4<0>;
L_0000022b8da05070 .functor AND 1, v0000022b8da06b70_0, v0000022b8da06c10_0, C4<1>, C4<1>;
L_0000022b8da04e00 .functor NOT 1, v0000022b8da06b70_0, C4<0>, C4<0>, C4<0>;
L_0000022b8da04f00 .functor XOR 1, L_0000022b8da04e00, L_0000022b8d9d2ef0, C4<0>, C4<0>;
v0000022b8d9d3120_0 .net "a", 0 0, v0000022b8da06b70_0;  1 drivers
v0000022b8db58bb0_0 .net "b", 0 0, v0000022b8da06c10_0;  1 drivers
v0000022b8db5af00_0 .net "c", 0 0, L_0000022b8d9d2ef0;  alias, 1 drivers
v0000022b8d9d2e50_0 .net "d", 0 0, L_0000022b8da05070;  alias, 1 drivers
v0000022b8da06a30_0 .net "e", 0 0, L_0000022b8da04e00;  alias, 1 drivers
v0000022b8da06ad0_0 .net "f", 0 0, L_0000022b8da04f00;  alias, 1 drivers
    .scope S_0000022b8db58a20;
T_0 ;
    %pushi/vec4 0, 0, 1;
    %store/vec4 v0000022b8da06b70_0, 0, 1;
    %pushi/vec4 0, 0, 1;
    %store/vec4 v0000022b8da06c10_0, 0, 1;
    %delay 1, 0;
    %pushi/vec4 0, 0, 1;
    %store/vec4 v0000022b8da06b70_0, 0, 1;
    %pushi/vec4 1, 0, 1;
    %store/vec4 v0000022b8da06c10_0, 0, 1;
    %delay 1, 0;
    %pushi/vec4 1, 0, 1;
    %store/vec4 v0000022b8da06b70_0, 0, 1;
    %pushi/vec4 0, 0, 1;
    %store/vec4 v0000022b8da06c10_0, 0, 1;
    %delay 1, 0;
    %pushi/vec4 1, 0, 1;
    %store/vec4 v0000022b8da06b70_0, 0, 1;
    %pushi/vec4 1, 0, 1;
    %store/vec4 v0000022b8da06c10_0, 0, 1;
    %end;
    .thread T_0;
    .scope S_0000022b8db58a20;
T_1 ;
    %vpi_call 2 14 "$monitor", "T=%t |a=%b  |b=%b  |c(or)=%b  |d(and)=%b  |e(not)=%b  |f(xor)=%b", $time, v0000022b8da06b70_0, v0000022b8da06c10_0, v0000022b8da06cb0_0, v0000022b8da04c20_0, v0000022b8da04cc0_0, v0000022b8da04d60_0 {0 0 0};
    %vpi_call 2 15 "$dumpfile", "dumpxor.vcd" {0 0 0};
    %vpi_call 2 16 "$dumpvars" {0 0 0};
    %end;
    .thread T_1;
# The file index is used to find the file name in the following table.
:file_names 4;
    "N/A";
    "<interactive>";
    "xorgate_tb.v";
    "./xorgate.v";
