#! /c/Source/iverilog-install/bin/vvp
:ivl_version "12.0 (devel)" "(s20150603-1110-g18392a46)";
:ivl_delay_selection "TYPICAL";
:vpi_time_precision + 0;
:vpi_module "C:\iverilog\lib\ivl\system.vpi";
:vpi_module "C:\iverilog\lib\ivl\vhdl_sys.vpi";
:vpi_module "C:\iverilog\lib\ivl\vhdl_textio.vpi";
:vpi_module "C:\iverilog\lib\ivl\v2005_math.vpi";
:vpi_module "C:\iverilog\lib\ivl\va_math.vpi";
S_0000021502f2ae40 .scope module, "and_not_and_or_gates_tb" "and_not_and_or_gates_tb" 2 3;
 .timescale 0 0;
v0000021502fbd860_0 .var "a", 0 0;
v0000021502fbd900_0 .var "b", 0 0;
v0000021502fbd9a0_0 .var "c", 0 0;
v0000021502fbda40_0 .net "e", 0 0, L_0000021502fbdc90;  1 drivers
v0000021502fbdae0_0 .net "i", 0 0, L_0000021502f67590;  1 drivers
v0000021502fbdb80_0 .net "l", 0 0, L_0000021502fbdc20;  1 drivers
v0000021502f73d00_0 .net "m", 0 0, L_0000021502f42dc0;  1 drivers
S_0000021502f76930 .scope module, "Instance0" "and_not_and_or_gates" 2 7, 3 1 0, S_0000021502f2ae40;
 .timescale 0 0;
    .port_info 0 /OUTPUT 1 "i";
    .port_info 1 /OUTPUT 1 "m";
    .port_info 2 /OUTPUT 1 "l";
    .port_info 3 /OUTPUT 1 "e";
    .port_info 4 /INPUT 1 "a";
    .port_info 5 /INPUT 1 "b";
    .port_info 6 /INPUT 1 "c";
L_0000021502f67590 .functor AND 1, v0000021502fbd860_0, v0000021502fbd900_0, C4<1>, C4<1>;
L_0000021502f42dc0 .functor NOT 1, v0000021502fbd900_0, C4<0>, C4<0>, C4<0>;
L_0000021502fbdc20 .functor AND 1, v0000021502fbd860_0, v0000021502fbd900_0, v0000021502fbd9a0_0, C4<1>;
L_0000021502fbdc90 .functor OR 1, v0000021502fbd860_0, v0000021502fbd900_0, C4<0>, C4<0>;
v0000021502f42b80_0 .net "a", 0 0, v0000021502fbd860_0;  1 drivers
v0000021502f428d0_0 .net "b", 0 0, v0000021502fbd900_0;  1 drivers
v0000021502f76ac0_0 .net "c", 0 0, v0000021502fbd9a0_0;  1 drivers
v0000021502f76b60_0 .net "e", 0 0, L_0000021502fbdc90;  alias, 1 drivers
v0000021502f76c00_0 .net "i", 0 0, L_0000021502f67590;  alias, 1 drivers
v0000021502f76ca0_0 .net "l", 0 0, L_0000021502fbdc20;  alias, 1 drivers
v0000021502f76d40_0 .net "m", 0 0, L_0000021502f42dc0;  alias, 1 drivers
    .scope S_0000021502f2ae40;
T_0 ;
    %pushi/vec4 0, 0, 1;
    %store/vec4 v0000021502fbd860_0, 0, 1;
    %pushi/vec4 0, 0, 1;
    %store/vec4 v0000021502fbd900_0, 0, 1;
    %pushi/vec4 1, 0, 1;
    %store/vec4 v0000021502fbd9a0_0, 0, 1;
    %delay 1, 0;
    %pushi/vec4 0, 0, 1;
    %store/vec4 v0000021502fbd860_0, 0, 1;
    %pushi/vec4 1, 0, 1;
    %store/vec4 v0000021502fbd900_0, 0, 1;
    %pushi/vec4 0, 0, 1;
    %store/vec4 v0000021502fbd9a0_0, 0, 1;
    %delay 1, 0;
    %pushi/vec4 1, 0, 1;
    %store/vec4 v0000021502fbd860_0, 0, 1;
    %pushi/vec4 0, 0, 1;
    %store/vec4 v0000021502fbd900_0, 0, 1;
    %pushi/vec4 0, 0, 1;
    %store/vec4 v0000021502fbd9a0_0, 0, 1;
    %delay 1, 0;
    %pushi/vec4 1, 0, 1;
    %store/vec4 v0000021502fbd860_0, 0, 1;
    %pushi/vec4 1, 0, 1;
    %store/vec4 v0000021502fbd900_0, 0, 1;
    %pushi/vec4 1, 0, 1;
    %store/vec4 v0000021502fbd9a0_0, 0, 1;
    %end;
    .thread T_0;
    .scope S_0000021502f2ae40;
T_1 ;
    %vpi_call 2 16 "$monitor", "T=%t |a=%b |b=%b |c=%b |i(and)=%b  |m(not)=%b | l(and)=%b | e(or)=%b", $time, v0000021502fbd860_0, v0000021502fbd900_0, v0000021502fbd9a0_0, v0000021502fbdae0_0, v0000021502f73d00_0, v0000021502fbdb80_0, v0000021502fbda40_0 {0 0 0};
    %vpi_call 2 17 "$dumpfile", "dump.vcd" {0 0 0};
    %vpi_call 2 18 "$dumpvars" {0 0 0};
    %end;
    .thread T_1;
# The file index is used to find the file name in the following table.
:file_names 4;
    "N/A";
    "<interactive>";
    "circuits2_tb.v";
    "./circuits2.v";
