#! /c/Source/iverilog-install/bin/vvp
:ivl_version "12.0 (devel)" "(s20150603-1110-g18392a46)";
:ivl_delay_selection "TYPICAL";
:vpi_time_precision + 0;
:vpi_module "C:\iverilog\lib\ivl\system.vpi";
:vpi_module "C:\iverilog\lib\ivl\vhdl_sys.vpi";
:vpi_module "C:\iverilog\lib\ivl\vhdl_textio.vpi";
:vpi_module "C:\iverilog\lib\ivl\v2005_math.vpi";
:vpi_module "C:\iverilog\lib\ivl\va_math.vpi";
S_00000222887f6770 .scope module, "circuit4_tb" "circuit4_tb" 2 3;
 .timescale 0 0;
v000002228865ab10_0 .net "M", 0 0, L_00000222886584e0;  1 drivers
v000002228865abb0_0 .var "X", 0 0;
v000002228865ac50_0 .var "Y", 0 0;
v000002228865acf0_0 .var "Z", 0 0;
S_00000222887f6900 .scope module, "wew" "circuit4" 2 10, 3 1 0, S_00000222887f6770;
 .timescale 0 0;
    .port_info 0 /INPUT 1 "X";
    .port_info 1 /INPUT 1 "Y";
    .port_info 2 /INPUT 1 "Z";
    .port_info 3 /OUTPUT 1 "M";
L_00000222887f6bd0 .functor NOT 1, v000002228865ac50_0, C4<0>, C4<0>, C4<0>;
L_00000222887c2ef0 .functor AND 1, v000002228865abb0_0, L_00000222887f6bd0, C4<1>, C4<1>;
L_00000222886584e0 .functor OR 1, L_00000222887c2ef0, v000002228865acf0_0, C4<0>, C4<0>;
v00000222887c3120_0 .net "M", 0 0, L_00000222886584e0;  alias, 1 drivers
v0000022288659f90_0 .net "X", 0 0, v000002228865abb0_0;  1 drivers
v00000222887c2e50_0 .net "Y", 0 0, v000002228865ac50_0;  1 drivers
v00000222887f6a90_0 .net "Z", 0 0, v000002228865acf0_0;  1 drivers
v00000222887f6b30_0 .net "g1", 0 0, L_00000222887f6bd0;  1 drivers
v000002228865aa70_0 .net "g2", 0 0, L_00000222887c2ef0;  1 drivers
    .scope S_00000222887f6770;
T_0 ;
    %vpi_call 2 13 "$dumpfile", "dump.vcd" {0 0 0};
    %vpi_call 2 14 "$dumpvars" {0 0 0};
    %pushi/vec4 0, 0, 1;
    %store/vec4 v000002228865abb0_0, 0, 1;
    %pushi/vec4 0, 0, 1;
    %store/vec4 v000002228865ac50_0, 0, 1;
    %pushi/vec4 0, 0, 1;
    %store/vec4 v000002228865acf0_0, 0, 1;
    %delay 20, 0;
    %pushi/vec4 0, 0, 1;
    %store/vec4 v000002228865abb0_0, 0, 1;
    %pushi/vec4 0, 0, 1;
    %store/vec4 v000002228865ac50_0, 0, 1;
    %pushi/vec4 1, 0, 1;
    %store/vec4 v000002228865acf0_0, 0, 1;
    %delay 20, 0;
    %pushi/vec4 0, 0, 1;
    %store/vec4 v000002228865abb0_0, 0, 1;
    %pushi/vec4 1, 0, 1;
    %store/vec4 v000002228865ac50_0, 0, 1;
    %pushi/vec4 1, 0, 1;
    %store/vec4 v000002228865acf0_0, 0, 1;
    %delay 20, 0;
    %pushi/vec4 1, 0, 1;
    %store/vec4 v000002228865abb0_0, 0, 1;
    %pushi/vec4 1, 0, 1;
    %store/vec4 v000002228865ac50_0, 0, 1;
    %pushi/vec4 1, 0, 1;
    %store/vec4 v000002228865acf0_0, 0, 1;
    %delay 20, 0;
    %vpi_call 2 28 "$display", "test complete 4" {0 0 0};
    %end;
    .thread T_0;
# The file index is used to find the file name in the following table.
:file_names 4;
    "N/A";
    "<interactive>";
    "circuits4_tb.v";
    "./circuits4.v";
